<?xml version="1.0" encoding="UTF-8"?>
<testsuite name="physicianconnect.persistence.SchemaTest" tests="3" skipped="0" failures="0" errors="0" timestamp="2025-05-26T22:26:55.248Z" hostname="Mohammads-MacBook-Air.local" time="0.002">
  <properties/>
  <testcase name="testSchemaInitializer_createsMedicationsTable()" classname="physicianconnect.persistence.SchemaTest" time="0.0"/>
  <testcase name="testSchemaInitializer_createsPhysiciansTable()" classname="physicianconnect.persistence.SchemaTest" time="0.0"/>
  <testcase name="testSchemaInitializer_createsAppointmentsTable()" classname="physicianconnect.persistence.SchemaTest" time="0.0"/>
  <system-out><![CDATA[]]></system-out>
  <system-err><![CDATA[]]></system-err>
</testsuite>
