<?xml version="1.0" encoding="UTF-8"?>
<testsuite name="physicianconnect.persistence.ConnectionManagerTest" tests="1" skipped="0" failures="0" errors="0" timestamp="2025-05-27T00:06:11.182Z" hostname="Mohammads-MacBook-Air.local" time="0.0">
  <properties/>
  <testcase name="testConnectionManager_canInitializeAndClose()" classname="physicianconnect.persistence.ConnectionManagerTest" time="0.0"/>
  <system-out><![CDATA[]]></system-out>
  <system-err><![CDATA[]]></system-err>
</testsuite>
