<?xml version="1.0" encoding="UTF-8"?>
<testsuite name="physicianconnect.logic.AppointmentValidatorTest" tests="5" skipped="0" failures="0" errors="0" timestamp="2025-05-26T22:56:27.878Z" hostname="Mohammads-MacBook-Air.local" time="0.012">
  <properties/>
  <testcase name="testNullAppointmentThrows()" classname="physicianconnect.logic.AppointmentValidatorTest" time="0.001"/>
  <testcase name="testBlankPhysicianIdThrows()" classname="physicianconnect.logic.AppointmentValidatorTest" time="0.006"/>
  <testcase name="testNullDateTimeThrows()" classname="physicianconnect.logic.AppointmentValidatorTest" time="0.0"/>
  <testcase name="testBlankPatientNameThrows()" classname="physicianconnect.logic.AppointmentValidatorTest" time="0.001"/>
  <testcase name="testValidAppointmentPasses()" classname="physicianconnect.logic.AppointmentValidatorTest" time="0.001"/>
  <system-out><![CDATA[]]></system-out>
  <system-err><![CDATA[]]></system-err>
</testsuite>
