<?xml version="1.0" encoding="UTF-8"?>
<testsuite name="physicianconnect.persistence.DatabaseSeederTest" tests="4" skipped="0" failures="0" errors="0" timestamp="2025-05-26T22:56:27.927Z" hostname="Mohammads-MacBook-Air.local" time="0.01">
  <properties/>
  <testcase name="testMedicationSeeded()" classname="physicianconnect.persistence.DatabaseSeederTest" time="0.003"/>
  <testcase name="testPrescriptionSeeded()" classname="physicianconnect.persistence.DatabaseSeederTest" time="0.002"/>
  <testcase name="testPhysicianSeeded()" classname="physicianconnect.persistence.DatabaseSeederTest" time="0.002"/>
  <testcase name="testAppointmentSeeded()" classname="physicianconnect.persistence.DatabaseSeederTest" time="0.002"/>
  <system-out><![CDATA[]]></system-out>
  <system-err><![CDATA[]]></system-err>
</testsuite>
