<?xml version="1.0" encoding="UTF-8"?>
<testsuite name="physicianconnect.logic.AppointmentManagerTest" tests="2" skipped="0" failures="0" errors="0" timestamp="2025-05-27T00:06:10.827Z" hostname="Mohammads-MacBook-Air.local" time="0.318">
  <properties/>
  <testcase name="testAddAndRetrieveAppointments()" classname="physicianconnect.logic.AppointmentManagerTest" time="0.316"/>
  <testcase name="testNoAppointmentsForUnknownPhysician()" classname="physicianconnect.logic.AppointmentManagerTest" time="0.001"/>
  <system-out><![CDATA[]]></system-out>
  <system-err><![CDATA[SLF4J: Failed to load class "org.slf4j.impl.StaticLoggerBinder".
SLF4J: Defaulting to no-operation (NOP) logger implementation
SLF4J: See http://www.slf4j.org/codes.html#StaticLoggerBinder for further details.
]]></system-err>
</testsuite>
