<?xml version="1.0" encoding="UTF-8"?>
<testsuite name="physicianconnect.logic.MedicationManagerTest" tests="2" skipped="0" failures="0" errors="0" timestamp="2025-05-27T16:37:18.668Z" hostname="Arjuns-MacBook-Air.local" time="0.009">
  <properties/>
  <testcase name="testDeleteMedication()" classname="physicianconnect.logic.MedicationManagerTest" time="0.007"/>
  <testcase name="testAddAndFetchMedication()" classname="physicianconnect.logic.MedicationManagerTest" time="0.002"/>
  <system-out><![CDATA[]]></system-out>
  <system-err><![CDATA[]]></system-err>
</testsuite>
