<?xml version="1.0" encoding="UTF-8"?>
<testsuite name="physicianconnect.persistence.MedicationDBTest" tests="4" skipped="0" failures="0" errors="0" timestamp="2025-05-26T22:56:27.940Z" hostname="Mohammads-MacBook-Air.local" time="0.007">
  <properties/>
  <testcase name="testAddAndGetMedication()" classname="physicianconnect.persistence.MedicationDBTest" time="0.001"/>
  <testcase name="testDeleteSpecificMedication()" classname="physicianconnect.persistence.MedicationDBTest" time="0.001"/>
  <testcase name="testDeleteAllMedications()" classname="physicianconnect.persistence.MedicationDBTest" time="0.0"/>
  <testcase name="testGetAllMedicationsEmptyInitially()" classname="physicianconnect.persistence.MedicationDBTest" time="0.002"/>
  <system-out><![CDATA[]]></system-out>
  <system-err><![CDATA[]]></system-err>
</testsuite>
