<?xml version="1.0" encoding="UTF-8"?>
<testsuite name="physicianconnect.persistence.PhysicianDBTest" tests="3" skipped="0" failures="0" errors="0" timestamp="2025-05-27T16:37:18.737Z" hostname="Arjuns-MacBook-Air.local" time="0.002">
  <properties/>
  <testcase name="testAddAndFetchPhysician()" classname="physicianconnect.persistence.PhysicianDBTest" time="0.0"/>
  <testcase name="testDeletePhysician()" classname="physicianconnect.persistence.PhysicianDBTest" time="0.0"/>
  <testcase name="testDuplicatePhysicianIsIgnored()" classname="physicianconnect.persistence.PhysicianDBTest" time="0.0"/>
  <system-out><![CDATA[]]></system-out>
  <system-err><![CDATA[]]></system-err>
</testsuite>
