<?xml version="1.0" encoding="UTF-8"?>
<testsuite name="physicianconnect.persistence.PhysicianDBTest" tests="3" skipped="0" failures="0" errors="0" timestamp="2025-05-26T22:26:55.244Z" hostname="Mohammads-MacBook-Air.local" time="0.003">
  <properties/>
  <testcase name="testAddAndFetchPhysician()" classname="physicianconnect.persistence.PhysicianDBTest" time="0.001"/>
  <testcase name="testDeletePhysician()" classname="physicianconnect.persistence.PhysicianDBTest" time="0.001"/>
  <testcase name="testDuplicatePhysicianIsIgnored()" classname="physicianconnect.persistence.PhysicianDBTest" time="0.001"/>
  <system-out><![CDATA[]]></system-out>
  <system-err><![CDATA[]]></system-err>
</testsuite>
