<?xml version="1.0" encoding="UTF-8"?>
<testsuite name="physicianconnect.logic.MedicationManagerTest" tests="2" skipped="0" failures="0" errors="0" timestamp="2025-05-26T17:51:43.014Z" hostname="NABZ-ROG" time="0.024">
  <properties/>
  <testcase name="testDeleteMedication()" classname="physicianconnect.logic.MedicationManagerTest" time="0.014"/>
  <testcase name="testAddAndFetchMedication()" classname="physicianconnect.logic.MedicationManagerTest" time="0.01"/>
  <system-out><![CDATA[]]></system-out>
  <system-err><![CDATA[]]></system-err>
</testsuite>
