<?xml version="1.0" encoding="UTF-8"?>
<testsuite name="physicianconnect.persistence.SchemaTest" tests="3" skipped="0" failures="0" errors="0" timestamp="2025-05-26T18:20:06.393Z" hostname="NABZ-ROG" time="0.005">
  <properties/>
  <testcase name="testSchemaInitializer_createsMedicationsTable()" classname="physicianconnect.persistence.SchemaTest" time="0.001"/>
  <testcase name="testSchemaInitializer_createsPhysiciansTable()" classname="physicianconnect.persistence.SchemaTest" time="0.001"/>
  <testcase name="testSchemaInitializer_createsAppointmentsTable()" classname="physicianconnect.persistence.SchemaTest" time="0.001"/>
  <system-out><![CDATA[]]></system-out>
  <system-err><![CDATA[]]></system-err>
</testsuite>
