<?xml version="1.0" encoding="UTF-8"?>
<testsuite name="physicianconnect.logic.PhysicianAppointmentIntegrationTest" tests="2" skipped="0" failures="0" errors="0" timestamp="2025-05-26T18:20:06.309Z" hostname="NABZ-ROG" time="0.013">
  <properties/>
  <testcase name="testAppointmentForUnknownPhysicianReturnsEmpty()" classname="physicianconnect.logic.PhysicianAppointmentIntegrationTest" time="0.003"/>
  <testcase name="testPhysicianAppointmentsArePersistedAndRetrieved()" classname="physicianconnect.logic.PhysicianAppointmentIntegrationTest" time="0.009"/>
  <system-out><![CDATA[]]></system-out>
  <system-err><![CDATA[]]></system-err>
</testsuite>
