<?xml version="1.0" encoding="UTF-8"?>
<testsuite name="physicianconnect.persistence.AppointmentDBTest" tests="5" skipped="0" failures="0" errors="0" timestamp="2025-05-27T16:37:18.704Z" hostname="Arjuns-MacBook-Air.local" time="0.007">
  <properties/>
  <testcase name="testAddAppointmentCatchesSQLException()" classname="physicianconnect.persistence.AppointmentDBTest" time="0.002"/>
  <testcase name="testNoAppointmentsForUnknownPhysician()" classname="physicianconnect.persistence.AppointmentDBTest" time="0.001"/>
  <testcase name="testDeleteAppointment()" classname="physicianconnect.persistence.AppointmentDBTest" time="0.001"/>
  <testcase name="testDeleteAllAppointments()" classname="physicianconnect.persistence.AppointmentDBTest" time="0.0"/>
  <testcase name="testAddAndFetchAppointment()" classname="physicianconnect.persistence.AppointmentDBTest" time="0.001"/>
  <system-out><![CDATA[]]></system-out>
  <system-err><![CDATA[]]></system-err>
</testsuite>
