<?xml version="1.0" encoding="UTF-8"?>
<testsuite name="physicianconnect.logic.MedicationManagerTest" tests="2" skipped="0" failures="0" errors="0" timestamp="2025-05-26T17:55:39.146Z" hostname="NABZ-ROG" time="0.025">
  <properties/>
  <testcase name="testDeleteMedication()" classname="physicianconnect.logic.MedicationManagerTest" time="0.015"/>
  <testcase name="testAddAndFetchMedication()" classname="physicianconnect.logic.MedicationManagerTest" time="0.009"/>
  <system-out><![CDATA[]]></system-out>
  <system-err><![CDATA[]]></system-err>
</testsuite>
