<?xml version="1.0" encoding="UTF-8"?>
<testsuite name="physicianconnect.persistence.SchemaTest" tests="4" skipped="0" failures="0" errors="0" timestamp="2025-05-27T00:13:05.125Z" hostname="Mohammads-MacBook-Air.local" time="0.006">
  <properties/>
  <testcase name="testSchemaInitializer_createsMedicationsTable()" classname="physicianconnect.persistence.SchemaTest" time="0.003"/>
  <testcase name="testSchemaInitializer_createsPhysiciansTable()" classname="physicianconnect.persistence.SchemaTest" time="0.001"/>
  <testcase name="testSchemaInitializer_createsPrescriptionsTable()" classname="physicianconnect.persistence.SchemaTest" time="0.0"/>
  <testcase name="testSchemaInitializer_createsAppointmentsTable()" classname="physicianconnect.persistence.SchemaTest" time="0.0"/>
  <system-out><![CDATA[]]></system-out>
  <system-err><![CDATA[]]></system-err>
</testsuite>
