<?xml version="1.0" encoding="UTF-8"?>
<testsuite name="physicianconnect.logic.PhysicianManagerTest" tests="5" skipped="0" failures="0" errors="0" timestamp="2025-05-27T16:37:18.688Z" hostname="Arjuns-MacBook-Air.local" time="0.015">
  <properties/>
  <testcase name="testLoginFailureUnknownEmail()" classname="physicianconnect.logic.PhysicianManagerTest" time="0.002"/>
  <testcase name="testLoginSuccess()" classname="physicianconnect.logic.PhysicianManagerTest" time="0.002"/>
  <testcase name="testAddAndRetrievePhysician()" classname="physicianconnect.logic.PhysicianManagerTest" time="0.003"/>
  <testcase name="testDuplicatePhysicianIsIgnored()" classname="physicianconnect.logic.PhysicianManagerTest" time="0.004"/>
  <testcase name="testLoginFailureWrongPassword()" classname="physicianconnect.logic.PhysicianManagerTest" time="0.002"/>
  <system-out><![CDATA[]]></system-out>
  <system-err><![CDATA[]]></system-err>
</testsuite>
