<?xml version="1.0" encoding="UTF-8"?>
<testsuite name="physicianconnect.logic.PhysicianManagerTest" tests="5" skipped="0" failures="0" errors="0" timestamp="2025-05-26T22:26:55.219Z" hostname="Mohammads-MacBook-Air.local" time="0.007">
  <properties/>
  <testcase name="testLoginFailureUnknownEmail()" classname="physicianconnect.logic.PhysicianManagerTest" time="0.002"/>
  <testcase name="testLoginSuccess()" classname="physicianconnect.logic.PhysicianManagerTest" time="0.001"/>
  <testcase name="testAddAndRetrievePhysician()" classname="physicianconnect.logic.PhysicianManagerTest" time="0.001"/>
  <testcase name="testDuplicatePhysicianIsIgnored()" classname="physicianconnect.logic.PhysicianManagerTest" time="0.001"/>
  <testcase name="testLoginFailureWrongPassword()" classname="physicianconnect.logic.PhysicianManagerTest" time="0.001"/>
  <system-out><![CDATA[]]></system-out>
  <system-err><![CDATA[]]></system-err>
</testsuite>
