<?xml version="1.0" encoding="UTF-8"?>
<testsuite name="physicianconnect.logic.PhysicianAppointmentIntegrationTest" tests="2" skipped="0" failures="0" errors="0" timestamp="2025-05-27T00:06:11.162Z" hostname="Mohammads-MacBook-Air.local" time="0.003">
  <properties/>
  <testcase name="testAppointmentForUnknownPhysicianReturnsEmpty()" classname="physicianconnect.logic.PhysicianAppointmentIntegrationTest" time="0.001"/>
  <testcase name="testPhysicianAppointmentsArePersistedAndRetrieved()" classname="physicianconnect.logic.PhysicianAppointmentIntegrationTest" time="0.002"/>
  <system-out><![CDATA[]]></system-out>
  <system-err><![CDATA[]]></system-err>
</testsuite>
