<?xml version="1.0" encoding="UTF-8"?>
<testsuite name="physicianconnect.persistence.MedicationDBTest" tests="4" skipped="0" failures="0" errors="0" timestamp="2025-05-26T18:20:06.373Z" hostname="NABZ-ROG" time="0.01">
  <properties/>
  <testcase name="testAddAndGetMedication()" classname="physicianconnect.persistence.MedicationDBTest" time="0.002"/>
  <testcase name="testDeleteSpecificMedication()" classname="physicianconnect.persistence.MedicationDBTest" time="0.002"/>
  <testcase name="testDeleteAllMedications()" classname="physicianconnect.persistence.MedicationDBTest" time="0.003"/>
  <testcase name="testGetAllMedicationsEmptyInitially()" classname="physicianconnect.persistence.MedicationDBTest" time="0.003"/>
  <system-out><![CDATA[]]></system-out>
  <system-err><![CDATA[]]></system-err>
</testsuite>
