<?xml version="1.0" encoding="UTF-8"?>
<testsuite name="physicianconnect.logic.MedicationManagerTest" tests="2" skipped="0" failures="0" errors="0" timestamp="2025-05-27T00:06:11.155Z" hostname="Mohammads-MacBook-Air.local" time="0.005">
  <properties/>
  <testcase name="testDeleteMedication()" classname="physicianconnect.logic.MedicationManagerTest" time="0.003"/>
  <testcase name="testAddAndFetchMedication()" classname="physicianconnect.logic.MedicationManagerTest" time="0.002"/>
  <system-out><![CDATA[]]></system-out>
  <system-err><![CDATA[]]></system-err>
</testsuite>
