<?xml version="1.0" encoding="UTF-8"?>
<testsuite name="physicianconnect.persistence.DatabaseSeederTest" tests="4" skipped="0" failures="0" errors="0" timestamp="2025-05-27T00:13:04.950Z" hostname="Mohammads-MacBook-Air.local" time="0.037">
  <properties/>
  <testcase name="testMedicationSeeded()" classname="physicianconnect.persistence.DatabaseSeederTest" time="0.01"/>
  <testcase name="testPrescriptionSeeded()" classname="physicianconnect.persistence.DatabaseSeederTest" time="0.012"/>
  <testcase name="testPhysicianSeeded()" classname="physicianconnect.persistence.DatabaseSeederTest" time="0.007"/>
  <testcase name="testAppointmentSeeded()" classname="physicianconnect.persistence.DatabaseSeederTest" time="0.004"/>
  <system-out><![CDATA[]]></system-out>
  <system-err><![CDATA[]]></system-err>
</testsuite>
